<?xml version="1.0" encoding="UTF-8"?>
<robot generator="Robot 7.4.1 (Python 3.13.2 on win32)" generated="2026-01-02T22:33:46.769311" rpa="false" schemaversion="5">
<suite id="s1" name="Case8" source="D:\CP353004\TestAutomationLab\Case8.robot">
<test id="s1-t1" name="Invalid Phone Number" line="9">
<kw name="Open Browser" owner="SeleniumLibrary">
<msg time="2026-01-02T22:33:46.932568" level="INFO">Opening browser 'Chrome' to base url 'file:///D:/CP353004/TestAutomationLab/StarterFiles/Registration.html'.</msg>
<arg>${URL}</arg>
<arg>${BROWSER}</arg>
<doc>Opens a new browser instance to the optional ``url``.</doc>
<status status="PASS" start="2026-01-02T22:33:46.932367" elapsed="1.243924"/>
</kw>
<kw name="Input Text" owner="SeleniumLibrary">
<msg time="2026-01-02T22:33:48.177045" level="INFO">Typing text 'Somyod' into text field 'id=firstname'.</msg>
<arg>id=firstname</arg>
<arg>Somyod</arg>
<doc>Types the given ``text`` into the text field identified by ``locator``.</doc>
<status status="PASS" start="2026-01-02T22:33:48.176637" elapsed="0.079705"/>
</kw>
<kw name="Input Text" owner="SeleniumLibrary">
<msg time="2026-01-02T22:33:48.256933" level="INFO">Typing text 'Sodsai' into text field 'id=lastname'.</msg>
<arg>id=lastname</arg>
<arg>Sodsai</arg>
<doc>Types the given ``text`` into the text field identified by ``locator``.</doc>
<status status="PASS" start="2026-01-02T22:33:48.256700" elapsed="0.059348"/>
</kw>
<kw name="Input Text" owner="SeleniumLibrary">
<msg time="2026-01-02T22:33:48.316534" level="INFO">Typing text 'CS KKU' into text field 'id=organization'.</msg>
<arg>id=organization</arg>
<arg>CS KKU</arg>
<doc>Types the given ``text`` into the text field identified by ``locator``.</doc>
<status status="PASS" start="2026-01-02T22:33:48.316343" elapsed="0.057453"/>
</kw>
<kw name="Input Text" owner="SeleniumLibrary">
<msg time="2026-01-02T22:33:48.374267" level="INFO">Typing text 'somyod@kkumail.com' into text field 'id=email'.</msg>
<arg>id=email</arg>
<arg>somyod@kkumail.com</arg>
<doc>Types the given ``text`` into the text field identified by ``locator``.</doc>
<status status="PASS" start="2026-01-02T22:33:48.374079" elapsed="0.062742"/>
</kw>
<kw name="Input Text" owner="SeleniumLibrary">
<msg time="2026-01-02T22:33:48.437404" level="INFO">Typing text '1234' into text field 'id=phone'.</msg>
<arg>id=phone</arg>
<arg>1234</arg>
<doc>Types the given ``text`` into the text field identified by ``locator``.</doc>
<status status="PASS" start="2026-01-02T22:33:48.437107" elapsed="0.055541"/>
</kw>
<kw name="Click Button" owner="SeleniumLibrary">
<msg time="2026-01-02T22:33:48.493155" level="INFO">Clicking button 'id=registerButton'.</msg>
<arg>id=registerButton</arg>
<doc>Clicks the button identified by ``locator``.</doc>
<status status="PASS" start="2026-01-02T22:33:48.492938" elapsed="0.052826"/>
</kw>
<kw name="Page Should Contain" owner="SeleniumLibrary">
<msg time="2026-01-02T22:33:48.636628" level="INFO" html="true">&lt;/td&gt;&lt;/tr&gt;&lt;tr&gt;&lt;td colspan="3"&gt;&lt;a href="selenium-screenshot-8.png"&gt;&lt;img src="selenium-screenshot-8.png" width="800px"&gt;&lt;/a&gt;</msg>
<msg time="2026-01-02T22:33:48.636765" level="FAIL">Page should have contained text 'Please enter a valid phone number, e.g., 081-234-5678, 081 234 5678, or 081.234.5678)' but did not.</msg>
<arg>Please enter a valid phone number, e.g., 081-234-5678, 081 234 5678, or 081.234.5678)</arg>
<doc>Verifies that current page contains ``text``.</doc>
<status status="FAIL" start="2026-01-02T22:33:48.546064" elapsed="0.106950">Page should have contained text 'Please enter a valid phone number, e.g., 081-234-5678, 081 234 5678, or 081.234.5678)' but did not.</status>
</kw>
<kw name="Capture Page Screenshot" owner="SeleniumLibrary">
<doc>Takes a screenshot of the current page and embeds it into a log file.</doc>
<status status="NOT RUN" start="2026-01-02T22:33:48.653561" elapsed="0.000033"/>
</kw>
<kw name="Close Browser" owner="SeleniumLibrary">
<doc>Closes the current browser.</doc>
<status status="NOT RUN" start="2026-01-02T22:33:48.653938" elapsed="0.000027"/>
</kw>
<status status="FAIL" start="2026-01-02T22:33:46.931653" elapsed="1.722631">Page should have contained text 'Please enter a valid phone number, e.g., 081-234-5678, 081 234 5678, or 081.234.5678)' but did not.</status>
</test>
<status status="FAIL" start="2026-01-02T22:33:46.770277" elapsed="1.885895"/>
</suite>
<statistics>
<total>
<stat pass="0" fail="1" skip="0">All Tests</stat>
</total>
<tag>
</tag>
<suite>
<stat name="Case8" id="s1" pass="0" fail="1" skip="0">Case8</stat>
</suite>
</statistics>
<errors>
</errors>
</robot>
